<parameter id="scaleTunePart1C" name="Scale Tune Part 1 C" offsetAddress="0x24" type="Number" />
<parameter id="scaleTunePart1C#" name="Scale Tune Part 1 C#" offsetAddress="0x25" type="Number" />
<parameter id="scaleTunePart1D" name="Scale Tune Part 1 D" offsetAddress="0x26" type="Number" />
<parameter id="scaleTunePart1D#" name="Scale Tune Part 1 D#" offsetAddress="0x27" type="Number" />
<parameter id="scaleTunePart1E" name="Scale Tune Part 1 E" offsetAddress="0x28" type="Number" />
<parameter id="scaleTunePart1F" name="Scale Tune Part 1 F" offsetAddress="0x29" type="Number" />
<parameter id="scaleTunePart1F#" name="Scale Tune Part 1 F#" offsetAddress="0x2A" type="Number" />
<parameter id="scaleTunePart1G" name="Scale Tune Part 1 G" offsetAddress="0x2B" type="Number" />
<parameter id="scaleTunePart1G#" name="Scale Tune Part 1 G#" offsetAddress="0x2C" type="Number" />
<parameter id="scaleTunePart1A" name="Scale Tune Part 1 A" offsetAddress="0x2D" type="Number" />
<parameter id="scaleTunePart1A#" name="Scale Tune Part 1 A#" offsetAddress="0x2E" type="Number" />
<parameter id="scaleTunePart1B" name="Scale Tune Part 1 B" offsetAddress="0x2F" type="Number" />

<parameter id="scaleTunePart2C" name="Scale Tune Part 2 C" offsetAddress="0x30" type="Number" />
<parameter id="scaleTunePart2C#" name="Scale Tune Part 2 C#" offsetAddress="0x31" type="Number" />
<parameter id="scaleTunePart2D" name="Scale Tune Part 2 D" offsetAddress="0x32" type="Number" />
<parameter id="scaleTunePart2D#" name="Scale Tune Part 2 D#" offsetAddress="0x33" type="Number" />
<parameter id="scaleTunePart2E" name="Scale Tune Part 2 E" offsetAddress="0x34" type="Number" />
<parameter id="scaleTunePart2F" name="Scale Tune Part 2 F" offsetAddress="0x35" type="Number" />
<parameter id="scaleTunePart2F#" name="Scale Tune Part 2 F#" offsetAddress="0x36" type="Number" />
<parameter id="scaleTunePart2G" name="Scale Tune Part 2 G" offsetAddress="0x37" type="Number" />
<parameter id="scaleTunePart2G#" name="Scale Tune Part 2 G#" offsetAddress="0x38" type="Number" />
<parameter id="scaleTunePart2A" name="Scale Tune Part 2 A" offsetAddress="0x39" type="Number" />
<parameter id="scaleTunePart2A#" name="Scale Tune Part 2 A#" offsetAddress="0x3A" type="Number" />
<parameter id="scaleTunePart2B" name="Scale Tune Part 2 B" offsetAddress="0x3B" type="Number" />

<parameter id="scaleTunePart{%PartID%}{%KeyInScale%}" name="Scale Tune Part {%PartID%} {%KeyInScale%}" offsetAddress="0x{%AddressNumber%}" type="Number" />
<parameter id="scaleTunePart{%PartID%}C#" name="Scale Tune Part 2 C#" offsetAddress="0x31" type="Number" />
<parameter id="scaleTunePart{%PartID%}D" name="Scale Tune Part 2 D" offsetAddress="0x32" type="Number" />
<parameter id="scaleTunePart{%PartID%}D#" name="Scale Tune Part 2 D#" offsetAddress="0x33" type="Number" />
<parameter id="scaleTunePart{%PartID%}E" name="Scale Tune Part 2 E" offsetAddress="0x34" type="Number" />
<parameter id="scaleTunePart{%PartID%}F" name="Scale Tune Part 2 F" offsetAddress="0x35" type="Number" />
<parameter id="scaleTunePart{%PartID%}F#" name="Scale Tune Part 2 F#" offsetAddress="0x36" type="Number" />
<parameter id="scaleTunePart{%PartID%}G" name="Scale Tune Part 2 G" offsetAddress="0x37" type="Number" />
<parameter id="scaleTunePart{%PartID%}G#" name="Scale Tune Part 2 G#" offsetAddress="0x38" type="Number" />
<parameter id="scaleTunePart{%PartID%}A" name="Scale Tune Part 2 A" offsetAddress="0x39" type="Number" />
<parameter id="scaleTunePart{%PartID%}A#" name="Scale Tune Part 2 A#" offsetAddress="0x3A" type="Number" />
<parameter id="scaleTunePart{%PartID%}B" name="Scale Tune Part 2 B" offsetAddress="0x3B" type="Number" />
